#
# There is insufficient memory for the Java Runtime Environment to continue.
# Native memory allocation (malloc) failed to allocate 1028176 bytes for Chunk::new
# Possible reasons:
#   The system is out of physical RAM or swap space
#   The process is running with CompressedOops enabled, and the Java Heap may be blocking the growth of the native heap
# Possible solutions:
#   Reduce memory load on the system
#   Increase physical memory or swap space
#   Check if swap backing store is full
#   Decrease Java heap size (-Xmx/-Xms)
#   Decrease number of Java threads
#   Decrease Java thread stack sizes (-Xss)
#   Set larger code cache with -XX:ReservedCodeCacheSize=
#   JVM is running with Unscaled Compressed Oops mode in which the Java heap is
#     placed in the first 4GB address space. The Java Heap base address is the
#     maximum limit for the native heap growth. Please use -XX:HeapBaseMinAddress
#     to set the Java Heap base and to place the Java Heap above 4GB virtual address.
# This output file may be truncated or incomplete.
#
#  Out of Memory Error (arena.cpp:189), pid=10168, tid=14332
#
# JRE version: Java(TM) SE Runtime Environment (17.0.9+11) (build 17.0.9+11-LTS-201)
# Java VM: Java HotSpot(TM) 64-Bit Server VM (17.0.9+11-LTS-201, mixed mode, sharing, tiered, compressed oops, compressed class ptrs, g1 gc, windows-amd64)
# No core dump will be written. Minidumps are not enabled by default on client versions of Windows
#

---------------  S U M M A R Y ------------

Command Line: -javaagent:C:\Program Files\JetBrains\IntelliJ IDEA Community Edition 2024.1.1\lib\idea_rt.jar=54155:C:\Program Files\JetBrains\IntelliJ IDEA Community Edition 2024.1.1\bin -Dfile.encoding=UTF-8 com.jardinazuayo.APIJardinAzuayo.ApiJardinAzuayoApplication

Host: AMD Ryzen 3 3250U with Radeon Graphics         , 4 cores, 3G,  Windows 11 , 64 bit Build 22621 (10.0.22621.3527)
Time: Sat May 25 19:34:08 2024 Hora est. Pacífico, Sudamérica elapsed time: 35.886501 seconds (0d 0h 0m 35s)

---------------  T H R E A D  ---------------

Current thread (0x000002f79a4a62a0):  JavaThread "C2 CompilerThread0" daemon [_thread_in_native, id=14332, stack(0x000000fdf3400000,0x000000fdf3500000)]


Current CompileTask:
C2:  35887 4792   !   4       java.util.zip.ZipFile::getInputStream (275 bytes)

Stack: [0x000000fdf3400000,0x000000fdf3500000]
Native frames: (J=compiled Java code, j=interpreted, Vv=VM code, C=native code)
V  [jvm.dll+0x678a4a]
V  [jvm.dll+0x7d9cfd]
V  [jvm.dll+0x7db60e]
V  [jvm.dll+0x7dbc73]
V  [jvm.dll+0x245e1f]
V  [jvm.dll+0xaaafb]
V  [jvm.dll+0xab09c]
V  [jvm.dll+0x36232f]
V  [jvm.dll+0x32ca01]
V  [jvm.dll+0x32be9a]
V  [jvm.dll+0x21812f]
V  [jvm.dll+0x217561]
V  [jvm.dll+0x1a3bc0]
V  [jvm.dll+0x2272de]
V  [jvm.dll+0x22548b]
V  [jvm.dll+0x78f58c]
V  [jvm.dll+0x78998a]
V  [jvm.dll+0x677875]
C  [ucrtbase.dll+0x29333]
C  [KERNEL32.DLL+0x1257d]
C  [ntdll.dll+0x5aa48]


---------------  P R O C E S S  ---------------

Threads class SMR info:
_java_thread_list=0x000002f7e279b310, length=30, elements={
0x000002f7ff1365a0, 0x000002f7ff137420, 0x000002f7ff148230, 0x000002f7ff148df0,
0x000002f7ff14a9c0, 0x000002f7ff14d490, 0x000002f79a4a62a0, 0x000002f79a4ac4d0,
0x000002f79a4e65b0, 0x000002f79a57e9f0, 0x000002f79a869cf0, 0x000002f79a86a1d0,
0x000002f7e1649470, 0x000002f7e1d02d50, 0x000002f7e1924f90, 0x000002f7e1d77920,
0x000002f7e1d764e0, 0x000002f7e1d77e30, 0x000002f7e1d769f0, 0x000002f7e1d750a0,
0x000002f7e1d755b0, 0x000002f7e1d75ac0, 0x000002f7e1d75fd0, 0x000002f7e1d76f00,
0x000002f7e1d77410, 0x000002f7e24c8cb0, 0x000002f7e24cbf50, 0x000002f7e24cd390,
0x000002f7e24ce7d0, 0x000002f7e24ce2c0
}

Java Threads: ( => current thread )
  0x000002f7ff1365a0 JavaThread "Reference Handler" daemon [_thread_blocked, id=3036, stack(0x000000fdf2e00000,0x000000fdf2f00000)]
  0x000002f7ff137420 JavaThread "Finalizer" daemon [_thread_blocked, id=15692, stack(0x000000fdf2f00000,0x000000fdf3000000)]
  0x000002f7ff148230 JavaThread "Signal Dispatcher" daemon [_thread_blocked, id=16268, stack(0x000000fdf3000000,0x000000fdf3100000)]
  0x000002f7ff148df0 JavaThread "Attach Listener" daemon [_thread_blocked, id=1584, stack(0x000000fdf3100000,0x000000fdf3200000)]
  0x000002f7ff14a9c0 JavaThread "Service Thread" daemon [_thread_blocked, id=580, stack(0x000000fdf3200000,0x000000fdf3300000)]
  0x000002f7ff14d490 JavaThread "Monitor Deflation Thread" daemon [_thread_blocked, id=5552, stack(0x000000fdf3300000,0x000000fdf3400000)]
=>0x000002f79a4a62a0 JavaThread "C2 CompilerThread0" daemon [_thread_in_native, id=14332, stack(0x000000fdf3400000,0x000000fdf3500000)]
  0x000002f79a4ac4d0 JavaThread "C1 CompilerThread0" daemon [_thread_blocked, id=13608, stack(0x000000fdf3500000,0x000000fdf3600000)]
  0x000002f79a4e65b0 JavaThread "Sweeper thread" daemon [_thread_blocked, id=15180, stack(0x000000fdf3600000,0x000000fdf3700000)]
  0x000002f79a57e9f0 JavaThread "Common-Cleaner" daemon [_thread_blocked, id=10396, stack(0x000000fdf3700000,0x000000fdf3800000)]
  0x000002f79a869cf0 JavaThread "Monitor Ctrl-Break" daemon [_thread_in_native, id=8732, stack(0x000000fdf3800000,0x000000fdf3900000)]
  0x000002f79a86a1d0 JavaThread "Notification Thread" daemon [_thread_blocked, id=6172, stack(0x000000fdf3900000,0x000000fdf3a00000)]
  0x000002f7e1649470 JavaThread "Catalina-utility-1" [_thread_blocked, id=14388, stack(0x000000fdf3e00000,0x000000fdf3f00000)]
  0x000002f7e1d02d50 JavaThread "Catalina-utility-2" [_thread_blocked, id=14756, stack(0x000000fdf3f00000,0x000000fdf4000000)]
  0x000002f7e1924f90 JavaThread "container-0" [_thread_blocked, id=7880, stack(0x000000fdf4000000,0x000000fdf4100000)]
  0x000002f7e1d77920 JavaThread "PostgreSQL-JDBC-Cleaner" daemon [_thread_blocked, id=500, stack(0x000000fdf4200000,0x000000fdf4300000)]
  0x000002f7e1d764e0 JavaThread "HikariPool-1 housekeeper" daemon [_thread_blocked, id=2224, stack(0x000000fdf4300000,0x000000fdf4400000)]
  0x000002f7e1d77e30 JavaThread "http-nio-8080-exec-1" daemon [_thread_blocked, id=9920, stack(0x000000fdf4500000,0x000000fdf4600000)]
  0x000002f7e1d769f0 JavaThread "http-nio-8080-exec-2" daemon [_thread_in_vm, id=10080, stack(0x000000fdf4600000,0x000000fdf4700000)]
  0x000002f7e1d750a0 JavaThread "http-nio-8080-exec-3" daemon [_thread_blocked, id=10772, stack(0x000000fdf4700000,0x000000fdf4800000)]
  0x000002f7e1d755b0 JavaThread "http-nio-8080-exec-4" daemon [_thread_blocked, id=4408, stack(0x000000fdf4800000,0x000000fdf4900000)]
  0x000002f7e1d75ac0 JavaThread "http-nio-8080-exec-5" daemon [_thread_blocked, id=6208, stack(0x000000fdf4900000,0x000000fdf4a00000)]
  0x000002f7e1d75fd0 JavaThread "http-nio-8080-exec-6" daemon [_thread_blocked, id=16332, stack(0x000000fdf4a00000,0x000000fdf4b00000)]
  0x000002f7e1d76f00 JavaThread "http-nio-8080-exec-7" daemon [_thread_blocked, id=13048, stack(0x000000fdf4b00000,0x000000fdf4c00000)]
  0x000002f7e1d77410 JavaThread "http-nio-8080-exec-8" daemon [_thread_blocked, id=12556, stack(0x000000fdf4c00000,0x000000fdf4d00000)]
  0x000002f7e24c8cb0 JavaThread "http-nio-8080-exec-9" daemon [_thread_blocked, id=8124, stack(0x000000fdf4d00000,0x000000fdf4e00000)]
  0x000002f7e24cbf50 JavaThread "http-nio-8080-exec-10" daemon [_thread_blocked, id=4436, stack(0x000000fdf4e00000,0x000000fdf4f00000)]
  0x000002f7e24cd390 JavaThread "http-nio-8080-Poller" daemon [_thread_in_native, id=14324, stack(0x000000fdf4f00000,0x000000fdf5000000)]
  0x000002f7e24ce7d0 JavaThread "http-nio-8080-Acceptor" daemon [_thread_in_native, id=10292, stack(0x000000fdf5000000,0x000000fdf5100000)]
  0x000002f7e24ce2c0 JavaThread "DestroyJavaVM" [_thread_blocked, id=14916, stack(0x000000fdf2700000,0x000000fdf2800000)]

Other Threads:
  0x000002f7ff12e980 VMThread "VM Thread" [stack: 0x000000fdf2d00000,0x000000fdf2e00000] [id=6388]
  0x000002f7e0020090 WatcherThread [stack: 0x000000fdf3a00000,0x000000fdf3b00000] [id=8472]
  0x000002f7ff0c2b10 GCTaskThread "GC Thread#0" [stack: 0x000000fdf2800000,0x000000fdf2900000] [id=12612]
  0x000002f7e063acd0 GCTaskThread "GC Thread#1" [stack: 0x000000fdf3b00000,0x000000fdf3c00000] [id=15680]
  0x000002f7e0513610 GCTaskThread "GC Thread#2" [stack: 0x000000fdf3c00000,0x000000fdf3d00000] [id=12800]
  0x000002f7e05138d0 GCTaskThread "GC Thread#3" [stack: 0x000000fdf3d00000,0x000000fdf3e00000] [id=15284]
  0x000002f7ff0ca820 ConcurrentGCThread "G1 Main Marker" [stack: 0x000000fdf2900000,0x000000fdf2a00000] [id=10536]
  0x000002f7ff0cb230 ConcurrentGCThread "G1 Conc#0" [stack: 0x000000fdf2a00000,0x000000fdf2b00000] [id=1648]
  0x000002f7ff10b3e0 ConcurrentGCThread "G1 Refine#0" [stack: 0x000000fdf2b00000,0x000000fdf2c00000] [id=12080]
  0x000002f7ff10de30 ConcurrentGCThread "G1 Service" [stack: 0x000000fdf2c00000,0x000000fdf2d00000] [id=252]

Threads with active compile tasks:
C2 CompilerThread0    35936 4792   !   4       java.util.zip.ZipFile::getInputStream (275 bytes)

VM state: not at safepoint (normal execution)

VM Mutex/Monitor currently owned by a thread:  ([mutex/lock_event])
[0x000002f7ff086a10] Metaspace_lock - owner thread: 0x000002f7e1d769f0

Heap address: 0x00000000c9200000, size: 878 MB, Compressed Oops mode: 32-bit

CDS archive(s) mapped at: [0x000002f79b000000-0x000002f79bbd0000-0x000002f79bbd0000), size 12386304, SharedBaseAddress: 0x000002f79b000000, ArchiveRelocationMode: 1.
Compressed class space mapped at: 0x000002f79c000000-0x000002f7dc000000, reserved size: 1073741824
Narrow klass base: 0x000002f79b000000, Narrow klass shift: 0, Narrow klass range: 0x100000000

GC Precious Log:
 CPUs: 4 total, 4 available
 Memory: 3511M
 Large Page Support: Disabled
 NUMA Support: Disabled
 Compressed Oops: Enabled (32-bit)
 Heap Region Size: 1M
 Heap Min Capacity: 8M
 Heap Initial Capacity: 56M
 Heap Max Capacity: 878M
 Pre-touch: Disabled
 Parallel Workers: 4
 Concurrent Workers: 1
 Concurrent Refinement Workers: 4
 Periodic GC: Disabled

Heap:
 garbage-first heap   total 71680K, used 43775K [0x00000000c9200000, 0x0000000100000000)
  region size 1024K, 25 young (25600K), 4 survivors (4096K)
 Metaspace       used 56652K, committed 57152K, reserved 1114112K
  class space    used 7804K, committed 8064K, reserved 1048576K

Heap Regions: E=young(eden), S=young(survivor), O=old, HS=humongous(starts), HC=humongous(continues), CS=collection set, F=free, OA=open archive, CA=closed archive, TAMS=top-at-mark-start (previous, next)
|   0|0x00000000c9200000, 0x00000000c9300000, 0x00000000c9300000|100%|HS|  |TAMS 0x00000000c9300000, 0x00000000c9200000| Complete 
|   1|0x00000000c9300000, 0x00000000c9400000, 0x00000000c9400000|100%| O|  |TAMS 0x00000000c9400000, 0x00000000c9300000| Untracked 
|   2|0x00000000c9400000, 0x00000000c9500000, 0x00000000c9500000|100%| O|  |TAMS 0x00000000c9500000, 0x00000000c9400000| Untracked 
|   3|0x00000000c9500000, 0x00000000c9600000, 0x00000000c9600000|100%| O|  |TAMS 0x00000000c9600000, 0x00000000c9500000| Untracked 
|   4|0x00000000c9600000, 0x00000000c9700000, 0x00000000c9700000|100%| O|  |TAMS 0x00000000c9700000, 0x00000000c9600000| Untracked 
|   5|0x00000000c9700000, 0x00000000c9800000, 0x00000000c9800000|100%| O|  |TAMS 0x00000000c9800000, 0x00000000c9700000| Untracked 
|   6|0x00000000c9800000, 0x00000000c9900000, 0x00000000c9900000|100%| O|  |TAMS 0x00000000c9900000, 0x00000000c9800000| Untracked 
|   7|0x00000000c9900000, 0x00000000c9a00000, 0x00000000c9a00000|100%| O|  |TAMS 0x00000000c9a00000, 0x00000000c9900000| Untracked 
|   8|0x00000000c9a00000, 0x00000000c9b00000, 0x00000000c9b00000|100%| O|  |TAMS 0x00000000c9b00000, 0x00000000c9a00000| Untracked 
|   9|0x00000000c9b00000, 0x00000000c9c00000, 0x00000000c9c00000|100%| O|  |TAMS 0x00000000c9c00000, 0x00000000c9b00000| Untracked 
|  10|0x00000000c9c00000, 0x00000000c9d00000, 0x00000000c9d00000|100%| O|  |TAMS 0x00000000c9d00000, 0x00000000c9c00000| Untracked 
|  11|0x00000000c9d00000, 0x00000000c9e00000, 0x00000000c9e00000|100%| O|  |TAMS 0x00000000c9e00000, 0x00000000c9d00000| Untracked 
|  12|0x00000000c9e00000, 0x00000000c9f00000, 0x00000000c9f00000|100%| O|  |TAMS 0x00000000c9f00000, 0x00000000c9e00000| Untracked 
|  13|0x00000000c9f00000, 0x00000000ca000000, 0x00000000ca000000|100%| O|  |TAMS 0x00000000ca000000, 0x00000000c9f00000| Untracked 
|  14|0x00000000ca000000, 0x00000000ca100000, 0x00000000ca100000|100%| O|  |TAMS 0x00000000ca100000, 0x00000000ca000000| Untracked 
|  15|0x00000000ca100000, 0x00000000ca200000, 0x00000000ca200000|100%| O|  |TAMS 0x00000000ca200000, 0x00000000ca100000| Untracked 
|  16|0x00000000ca200000, 0x00000000ca200000, 0x00000000ca300000|  0%| F|  |TAMS 0x00000000ca200000, 0x00000000ca200000| Untracked 
|  17|0x00000000ca300000, 0x00000000ca400000, 0x00000000ca400000|100%| O|  |TAMS 0x00000000ca400000, 0x00000000ca300000| Untracked 
|  18|0x00000000ca400000, 0x00000000ca500000, 0x00000000ca500000|100%| O|  |TAMS 0x00000000ca500000, 0x00000000ca400000| Untracked 
|  19|0x00000000ca500000, 0x00000000ca600000, 0x00000000ca600000|100%| O|  |TAMS 0x00000000ca600000, 0x00000000ca500000| Untracked 
|  20|0x00000000ca600000, 0x00000000ca691a00, 0x00000000ca700000| 56%| O|  |TAMS 0x00000000ca691a00, 0x00000000ca600000| Untracked 
|  21|0x00000000ca700000, 0x00000000ca700000, 0x00000000ca800000|  0%| F|  |TAMS 0x00000000ca700000, 0x00000000ca700000| Untracked 
|  22|0x00000000ca800000, 0x00000000ca800000, 0x00000000ca900000|  0%| F|  |TAMS 0x00000000ca800000, 0x00000000ca800000| Untracked 
|  23|0x00000000ca900000, 0x00000000ca900000, 0x00000000caa00000|  0%| F|  |TAMS 0x00000000ca900000, 0x00000000ca900000| Untracked 
|  24|0x00000000caa00000, 0x00000000caa00000, 0x00000000cab00000|  0%| F|  |TAMS 0x00000000caa00000, 0x00000000caa00000| Untracked 
|  25|0x00000000cab00000, 0x00000000cab00000, 0x00000000cac00000|  0%| F|  |TAMS 0x00000000cab00000, 0x00000000cab00000| Untracked 
|  26|0x00000000cac00000, 0x00000000cac00000, 0x00000000cad00000|  0%| F|  |TAMS 0x00000000cac00000, 0x00000000cac00000| Untracked 
|  27|0x00000000cad00000, 0x00000000cad00000, 0x00000000cae00000|  0%| F|  |TAMS 0x00000000cad00000, 0x00000000cad00000| Untracked 
|  28|0x00000000cae00000, 0x00000000cae00000, 0x00000000caf00000|  0%| F|  |TAMS 0x00000000cae00000, 0x00000000cae00000| Untracked 
|  29|0x00000000caf00000, 0x00000000caf00000, 0x00000000cb000000|  0%| F|  |TAMS 0x00000000caf00000, 0x00000000caf00000| Untracked 
|  30|0x00000000cb000000, 0x00000000cb000000, 0x00000000cb100000|  0%| F|  |TAMS 0x00000000cb000000, 0x00000000cb000000| Untracked 
|  31|0x00000000cb100000, 0x00000000cb12e240, 0x00000000cb200000| 18%| S|CS|TAMS 0x00000000cb100000, 0x00000000cb100000| Complete 
|  32|0x00000000cb200000, 0x00000000cb300000, 0x00000000cb300000|100%| S|CS|TAMS 0x00000000cb200000, 0x00000000cb200000| Complete 
|  33|0x00000000cb300000, 0x00000000cb400000, 0x00000000cb400000|100%| S|CS|TAMS 0x00000000cb300000, 0x00000000cb300000| Complete 
|  34|0x00000000cb400000, 0x00000000cb500000, 0x00000000cb500000|100%| S|CS|TAMS 0x00000000cb400000, 0x00000000cb400000| Complete 
|  35|0x00000000cb500000, 0x00000000cb500000, 0x00000000cb600000|  0%| F|  |TAMS 0x00000000cb500000, 0x00000000cb500000| Untracked 
|  36|0x00000000cb600000, 0x00000000cb600000, 0x00000000cb700000|  0%| F|  |TAMS 0x00000000cb600000, 0x00000000cb600000| Untracked 
|  37|0x00000000cb700000, 0x00000000cb700000, 0x00000000cb800000|  0%| F|  |TAMS 0x00000000cb700000, 0x00000000cb700000| Untracked 
|  38|0x00000000cb800000, 0x00000000cb800000, 0x00000000cb900000|  0%| F|  |TAMS 0x00000000cb800000, 0x00000000cb800000| Untracked 
|  39|0x00000000cb900000, 0x00000000cb900000, 0x00000000cba00000|  0%| F|  |TAMS 0x00000000cb900000, 0x00000000cb900000| Untracked 
|  40|0x00000000cba00000, 0x00000000cba00000, 0x00000000cbb00000|  0%| F|  |TAMS 0x00000000cba00000, 0x00000000cba00000| Untracked 
|  41|0x00000000cbb00000, 0x00000000cbb00000, 0x00000000cbc00000|  0%| F|  |TAMS 0x00000000cbb00000, 0x00000000cbb00000| Untracked 
|  42|0x00000000cbc00000, 0x00000000cbc00000, 0x00000000cbd00000|  0%| F|  |TAMS 0x00000000cbc00000, 0x00000000cbc00000| Untracked 
|  43|0x00000000cbd00000, 0x00000000cbd00000, 0x00000000cbe00000|  0%| F|  |TAMS 0x00000000cbd00000, 0x00000000cbd00000| Untracked 
|  44|0x00000000cbe00000, 0x00000000cbe00000, 0x00000000cbf00000|  0%| F|  |TAMS 0x00000000cbe00000, 0x00000000cbe00000| Untracked 
|  45|0x00000000cbf00000, 0x00000000cbf00000, 0x00000000cc000000|  0%| F|  |TAMS 0x00000000cbf00000, 0x00000000cbf00000| Untracked 
|  46|0x00000000cc000000, 0x00000000cc000000, 0x00000000cc100000|  0%| F|  |TAMS 0x00000000cc000000, 0x00000000cc000000| Untracked 
|  47|0x00000000cc100000, 0x00000000cc100000, 0x00000000cc200000|  0%| F|  |TAMS 0x00000000cc100000, 0x00000000cc100000| Untracked 
|  48|0x00000000cc200000, 0x00000000cc200000, 0x00000000cc300000|  0%| F|  |TAMS 0x00000000cc200000, 0x00000000cc200000| Untracked 
|  49|0x00000000cc300000, 0x00000000cc3f26c0, 0x00000000cc400000| 94%| E|  |TAMS 0x00000000cc300000, 0x00000000cc300000| Complete 
|  50|0x00000000cc400000, 0x00000000cc500000, 0x00000000cc500000|100%| E|CS|TAMS 0x00000000cc400000, 0x00000000cc400000| Complete 
|  51|0x00000000cc500000, 0x00000000cc600000, 0x00000000cc600000|100%| E|CS|TAMS 0x00000000cc500000, 0x00000000cc500000| Complete 
|  52|0x00000000cc600000, 0x00000000cc700000, 0x00000000cc700000|100%| E|CS|TAMS 0x00000000cc600000, 0x00000000cc600000| Complete 
|  53|0x00000000cc700000, 0x00000000cc800000, 0x00000000cc800000|100%| E|CS|TAMS 0x00000000cc700000, 0x00000000cc700000| Complete 
|  54|0x00000000cc800000, 0x00000000cc900000, 0x00000000cc900000|100%| E|CS|TAMS 0x00000000cc800000, 0x00000000cc800000| Complete 
|  55|0x00000000cc900000, 0x00000000cca00000, 0x00000000cca00000|100%| E|CS|TAMS 0x00000000cc900000, 0x00000000cc900000| Complete 
|  56|0x00000000cca00000, 0x00000000ccb00000, 0x00000000ccb00000|100%| E|CS|TAMS 0x00000000cca00000, 0x00000000cca00000| Complete 
|  57|0x00000000ccb00000, 0x00000000ccc00000, 0x00000000ccc00000|100%| E|CS|TAMS 0x00000000ccb00000, 0x00000000ccb00000| Complete 
|  58|0x00000000ccc00000, 0x00000000ccd00000, 0x00000000ccd00000|100%| E|CS|TAMS 0x00000000ccc00000, 0x00000000ccc00000| Complete 
|  59|0x00000000ccd00000, 0x00000000cce00000, 0x00000000cce00000|100%| E|CS|TAMS 0x00000000ccd00000, 0x00000000ccd00000| Complete 
|  60|0x00000000cce00000, 0x00000000ccf00000, 0x00000000ccf00000|100%| E|CS|TAMS 0x00000000cce00000, 0x00000000cce00000| Complete 
|  61|0x00000000ccf00000, 0x00000000cd000000, 0x00000000cd000000|100%| E|CS|TAMS 0x00000000ccf00000, 0x00000000ccf00000| Complete 
|  62|0x00000000cd000000, 0x00000000cd100000, 0x00000000cd100000|100%| E|CS|TAMS 0x00000000cd000000, 0x00000000cd000000| Complete 
|  63|0x00000000cd100000, 0x00000000cd200000, 0x00000000cd200000|100%| E|CS|TAMS 0x00000000cd100000, 0x00000000cd100000| Complete 
|  64|0x00000000cd200000, 0x00000000cd300000, 0x00000000cd300000|100%| E|CS|TAMS 0x00000000cd200000, 0x00000000cd200000| Complete 
|  67|0x00000000cd500000, 0x00000000cd600000, 0x00000000cd600000|100%| E|CS|TAMS 0x00000000cd500000, 0x00000000cd500000| Complete 
|  68|0x00000000cd600000, 0x00000000cd700000, 0x00000000cd700000|100%| E|CS|TAMS 0x00000000cd600000, 0x00000000cd600000| Complete 
|  69|0x00000000cd700000, 0x00000000cd800000, 0x00000000cd800000|100%| E|CS|TAMS 0x00000000cd700000, 0x00000000cd700000| Complete 
|  83|0x00000000ce500000, 0x00000000ce600000, 0x00000000ce600000|100%| E|CS|TAMS 0x00000000ce500000, 0x00000000ce500000| Complete 
|  84|0x00000000ce600000, 0x00000000ce700000, 0x00000000ce700000|100%| E|CS|TAMS 0x00000000ce600000, 0x00000000ce600000| Complete 

Card table byte_map: [0x000002f7ff150000,0x000002f7ff310000] _byte_map_base: 0x000002f7feb07000

Marking Bits (Prev, Next): (CMBitMap*) 0x000002f7ff0c3170, (CMBitMap*) 0x000002f7ff0c3130
 Prev Bits: [0x000002f797590000, 0x000002f798348000)
 Next Bits: [0x000002f7967d0000, 0x000002f797588000)

Polling page: 0x000002f7fd040000

Metaspace:

Usage:
  Non-class:     47.70 MB used.
      Class:      7.62 MB used.
       Both:     55.33 MB used.

Virtual space:
  Non-class space:       64.00 MB reserved,      47.94 MB ( 75%) committed,  1 nodes.
      Class space:        1.00 GB reserved,       7.88 MB ( <1%) committed,  1 nodes.
             Both:        1.06 GB reserved,      55.81 MB (  5%) committed. 

Chunk freelists:
   Non-Class:  15.55 MB
       Class:  7.95 MB
        Both:  23.50 MB

MaxMetaspaceSize: unlimited
CompressedClassSpaceSize: 1.00 GB
Initial GC threshold: 21.00 MB
Current GC threshold: 89.81 MB
CDS: on
MetaspaceReclaimPolicy: balanced
 - commit_granule_bytes: 65536.
 - commit_granule_words: 8192.
 - virtual_space_node_default_size: 8388608.
 - enlarge_chunks_in_place: 1.
 - new_chunks_are_fully_committed: 0.
 - uncommit_free_chunks: 1.
 - use_allocation_guard: 0.
 - handle_deallocations: 1.


Internal statistics:

num_allocs_failed_limit: 9.
num_arena_births: 676.
num_arena_deaths: 0.
num_vsnodes_births: 2.
num_vsnodes_deaths: 0.
num_space_committed: 893.
num_space_uncommitted: 0.
num_chunks_returned_to_freelist: 9.
num_chunks_taken_from_freelist: 2720.
num_chunk_merges: 9.
num_chunk_splits: 2001.
num_chunks_enlarged: 1603.
num_inconsistent_stats: 0.

CodeHeap 'non-profiled nmethods': size=120000Kb used=2500Kb max_used=2500Kb free=117500Kb
 bounds [0x000002f78f2a0000, 0x000002f78f520000, 0x000002f7967d0000]
CodeHeap 'profiled nmethods': size=120000Kb used=9213Kb max_used=9213Kb free=110786Kb
 bounds [0x000002f7877d0000, 0x000002f7880d0000, 0x000002f78ed00000]
CodeHeap 'non-nmethods': size=5760Kb used=1308Kb max_used=1365Kb free=4451Kb
 bounds [0x000002f78ed00000, 0x000002f78ef70000, 0x000002f78f2a0000]
 total_blobs=5418 nmethods=4785 adapters=543
 compilation: enabled
              stopped_count=0, restarted_count=0
 full_count=0

Compilation events (20 events):
Event: 10.369 Thread 0x000002f79a4a62a0 nmethod 4490 0x000002f78f50bc10 code [0x000002f78f50bea0, 0x000002f78f50d000]
Event: 10.370 Thread 0x000002f79a4a62a0 4499       4       org.springframework.core.ResolvableType::isInstance (21 bytes)
Event: 10.379 Thread 0x000002f79a4a62a0 nmethod 4499 0x000002f78f50da90 code [0x000002f78f50dc80, 0x000002f78f50e370]
Event: 10.379 Thread 0x000002f79a4a62a0 4339       4       org.springframework.core.annotation.AnnotationsScanner::processClassHierarchy (17 bytes)
Event: 10.380 Thread 0x000002f79a4a62a0 nmethod 4339 0x000002f78f50e790 code [0x000002f78f50e920, 0x000002f78f50ea48]
Event: 10.380 Thread 0x000002f79a4a62a0 4600       4       java.util.stream.ReduceOps$3ReducingSink::accept (15 bytes)
Event: 10.380 Thread 0x000002f79a4a62a0 nmethod 4600 0x000002f78f50eb10 code [0x000002f78f50ec80, 0x000002f78f50ed38]
Event: 10.380 Thread 0x000002f79a4a62a0 4391       4       java.util.stream.Sink::end (1 bytes)
Event: 10.380 Thread 0x000002f79a4a62a0 nmethod 4391 0x000002f78f50ee10 code [0x000002f78f50ef80, 0x000002f78f50eff8]
Event: 10.380 Thread 0x000002f79a4a62a0 4604       4       java.util.stream.Sink$ChainedReference::begin (11 bytes)
Event: 10.381 Thread 0x000002f79a4a62a0 nmethod 4604 0x000002f78f50f110 code [0x000002f78f50f280, 0x000002f78f50f318]
Event: 10.381 Thread 0x000002f79a4a62a0 4405       4       java.util.stream.ReferencePipeline$7$1::cancellationRequested (15 bytes)
Event: 10.381 Thread 0x000002f79a4a62a0 nmethod 4405 0x000002f78f50f410 code [0x000002f78f50f580, 0x000002f78f50f618]
Event: 35.486 Thread 0x000002f79a4a62a0 4789       4       java.util.AbstractSet::<init> (5 bytes)
Event: 35.486 Thread 0x000002f79a4a62a0 nmethod 4789 0x000002f78f50f710 code [0x000002f78f50f880, 0x000002f78f50f8f8]
Event: 35.694 Thread 0x000002f79a4a62a0 4790       4       jdk.internal.ref.PhantomCleanable::<init> (49 bytes)
Event: 35.705 Thread 0x000002f79a4a62a0 nmethod 4790 0x000002f78f50fa10 code [0x000002f78f50fba0, 0x000002f78f510598]
Event: 35.705 Thread 0x000002f79a4a62a0 4791       4       java.util.zip.ZipFile$ZipFileInputStream::<init> (96 bytes)
Event: 35.731 Thread 0x000002f79a4a62a0 nmethod 4791 0x000002f78f510890 code [0x000002f78f510a20, 0x000002f78f510db8]
Event: 35.731 Thread 0x000002f79a4a62a0 4792   !   4       java.util.zip.ZipFile::getInputStream (275 bytes)

GC Heap History (20 events):
Event: 2.605 GC heap before
{Heap before GC invocations=3 (full 0):
 garbage-first heap   total 57344K, used 34468K [0x00000000c9200000, 0x0000000100000000)
  region size 1024K, 29 young (29696K), 3 survivors (3072K)
 Metaspace       used 17381K, committed 17664K, reserved 1114112K
  class space    used 2126K, committed 2240K, reserved 1048576K
}
Event: 2.614 GC heap after
{Heap after GC invocations=4 (full 0):
 garbage-first heap   total 57344K, used 11231K [0x00000000c9200000, 0x0000000100000000)
  region size 1024K, 4 young (4096K), 4 survivors (4096K)
 Metaspace       used 17381K, committed 17664K, reserved 1114112K
  class space    used 2126K, committed 2240K, reserved 1048576K
}
Event: 3.881 GC heap before
{Heap before GC invocations=4 (full 0):
 garbage-first heap   total 57344K, used 38879K [0x00000000c9200000, 0x0000000100000000)
  region size 1024K, 31 young (31744K), 4 survivors (4096K)
 Metaspace       used 21094K, committed 21376K, reserved 1114112K
  class space    used 2608K, committed 2752K, reserved 1048576K
}
Event: 3.894 GC heap after
{Heap after GC invocations=5 (full 0):
 garbage-first heap   total 57344K, used 13162K [0x00000000c9200000, 0x0000000100000000)
  region size 1024K, 3 young (3072K), 3 survivors (3072K)
 Metaspace       used 21094K, committed 21376K, reserved 1114112K
  class space    used 2608K, committed 2752K, reserved 1048576K
}
Event: 3.938 GC heap before
{Heap before GC invocations=5 (full 0):
 garbage-first heap   total 57344K, used 14186K [0x00000000c9200000, 0x0000000100000000)
  region size 1024K, 5 young (5120K), 3 survivors (3072K)
 Metaspace       used 21278K, committed 21504K, reserved 1114112K
  class space    used 2636K, committed 2752K, reserved 1048576K
}
Event: 3.945 GC heap after
{Heap after GC invocations=6 (full 0):
 garbage-first heap   total 57344K, used 13607K [0x00000000c9200000, 0x0000000100000000)
  region size 1024K, 1 young (1024K), 1 survivors (1024K)
 Metaspace       used 21278K, committed 21504K, reserved 1114112K
  class space    used 2636K, committed 2752K, reserved 1048576K
}
Event: 5.133 GC heap before
{Heap before GC invocations=7 (full 0):
 garbage-first heap   total 51200K, used 40231K [0x00000000c9200000, 0x0000000100000000)
  region size 1024K, 27 young (27648K), 1 survivors (1024K)
 Metaspace       used 27079K, committed 27456K, reserved 1114112K
  class space    used 3421K, committed 3584K, reserved 1048576K
}
Event: 5.144 GC heap after
{Heap after GC invocations=8 (full 0):
 garbage-first heap   total 51200K, used 16189K [0x00000000c9200000, 0x0000000100000000)
  region size 1024K, 3 young (3072K), 3 survivors (3072K)
 Metaspace       used 27079K, committed 27456K, reserved 1114112K
  class space    used 3421K, committed 3584K, reserved 1048576K
}
Event: 5.180 GC heap before
{Heap before GC invocations=8 (full 0):
 garbage-first heap   total 51200K, used 17213K [0x00000000c9200000, 0x0000000100000000)
  region size 1024K, 4 young (4096K), 3 survivors (3072K)
 Metaspace       used 27259K, committed 27584K, reserved 1114112K
  class space    used 3446K, committed 3584K, reserved 1048576K
}
Event: 5.190 GC heap after
{Heap after GC invocations=9 (full 0):
 garbage-first heap   total 51200K, used 16230K [0x00000000c9200000, 0x0000000100000000)
  region size 1024K, 1 young (1024K), 1 survivors (1024K)
 Metaspace       used 27259K, committed 27584K, reserved 1114112K
  class space    used 3446K, committed 3584K, reserved 1048576K
}
Event: 5.722 GC heap before
{Heap before GC invocations=9 (full 0):
 garbage-first heap   total 51200K, used 36710K [0x00000000c9200000, 0x0000000100000000)
  region size 1024K, 21 young (21504K), 1 survivors (1024K)
 Metaspace       used 31617K, committed 32000K, reserved 1114112K
  class space    used 4082K, committed 4288K, reserved 1048576K
}
Event: 5.726 GC heap after
{Heap after GC invocations=10 (full 0):
 garbage-first heap   total 87040K, used 16969K [0x00000000c9200000, 0x0000000100000000)
  region size 1024K, 2 young (2048K), 2 survivors (2048K)
 Metaspace       used 31617K, committed 32000K, reserved 1114112K
  class space    used 4082K, committed 4288K, reserved 1048576K
}
Event: 6.273 GC heap before
{Heap before GC invocations=10 (full 0):
 garbage-first heap   total 87040K, used 31305K [0x00000000c9200000, 0x0000000100000000)
  region size 1024K, 17 young (17408K), 2 survivors (2048K)
 Metaspace       used 35770K, committed 36160K, reserved 1114112K
  class space    used 4689K, committed 4864K, reserved 1048576K
}
Event: 6.278 GC heap after
{Heap after GC invocations=11 (full 0):
 garbage-first heap   total 87040K, used 17901K [0x00000000c9200000, 0x0000000100000000)
  region size 1024K, 3 young (3072K), 3 survivors (3072K)
 Metaspace       used 35770K, committed 36160K, reserved 1114112K
  class space    used 4689K, committed 4864K, reserved 1048576K
}
Event: 7.648 GC heap before
{Heap before GC invocations=12 (full 0):
 garbage-first heap   total 71680K, used 56813K [0x00000000c9200000, 0x0000000100000000)
  region size 1024K, 42 young (43008K), 3 survivors (3072K)
 Metaspace       used 46909K, committed 47360K, reserved 1114112K
  class space    used 6398K, committed 6656K, reserved 1048576K
}
Event: 7.655 GC heap after
{Heap after GC invocations=13 (full 0):
 garbage-first heap   total 71680K, used 20116K [0x00000000c9200000, 0x0000000100000000)
  region size 1024K, 5 young (5120K), 5 survivors (5120K)
 Metaspace       used 46909K, committed 47360K, reserved 1114112K
  class space    used 6398K, committed 6656K, reserved 1048576K
}
Event: 7.685 GC heap before
{Heap before GC invocations=13 (full 0):
 garbage-first heap   total 71680K, used 21140K [0x00000000c9200000, 0x0000000100000000)
  region size 1024K, 6 young (6144K), 5 survivors (5120K)
 Metaspace       used 47232K, committed 47744K, reserved 1114112K
  class space    used 6450K, committed 6720K, reserved 1048576K
}
Event: 7.692 GC heap after
{Heap after GC invocations=14 (full 0):
 garbage-first heap   total 71680K, used 20747K [0x00000000c9200000, 0x0000000100000000)
  region size 1024K, 1 young (1024K), 1 survivors (1024K)
 Metaspace       used 47232K, committed 47744K, reserved 1114112K
  class space    used 6450K, committed 6720K, reserved 1048576K
}
Event: 8.548 GC heap before
{Heap before GC invocations=14 (full 0):
 garbage-first heap   total 71680K, used 55563K [0x00000000c9200000, 0x0000000100000000)
  region size 1024K, 35 young (35840K), 1 survivors (1024K)
 Metaspace       used 54543K, committed 55104K, reserved 1114112K
  class space    used 7476K, committed 7744K, reserved 1048576K
}
Event: 8.554 GC heap after
{Heap after GC invocations=15 (full 0):
 garbage-first heap   total 71680K, used 23295K [0x00000000c9200000, 0x0000000100000000)
  region size 1024K, 4 young (4096K), 4 survivors (4096K)
 Metaspace       used 54543K, committed 55104K, reserved 1114112K
  class space    used 7476K, committed 7744K, reserved 1048576K
}

Deoptimization events (20 events):
Event: 8.654 Thread 0x000002f7ff08afd0 Uncommon trap: trap_request=0xffffff45 fr.pc=0x000002f78f3c0e90 relative=0x0000000000001050
Event: 8.654 Thread 0x000002f7ff08afd0 Uncommon trap: reason=unstable_if action=reinterpret pc=0x000002f78f3c0e90 method=java.util.concurrent.ConcurrentHashMap.transfer([Ljava/util/concurrent/ConcurrentHashMap$Node;[Ljava/util/concurrent/ConcurrentHashMap$Node;)V @ 352 c2
Event: 8.654 Thread 0x000002f7ff08afd0 DEOPT PACKING pc=0x000002f78f3c0e90 sp=0x000000fdf27fa490
Event: 8.654 Thread 0x000002f7ff08afd0 DEOPT UNPACKING pc=0x000002f78ed523a3 sp=0x000000fdf27fa3f8 mode 2
Event: 8.812 Thread 0x000002f7ff08afd0 Uncommon trap: trap_request=0xffffff45 fr.pc=0x000002f78f4034c8 relative=0x0000000000000d28
Event: 8.812 Thread 0x000002f7ff08afd0 Uncommon trap: reason=unstable_if action=reinterpret pc=0x000002f78f4034c8 method=org.springframework.beans.factory.support.DefaultSingletonBeanRegistry.getSingleton(Ljava/lang/String;Z)Ljava/lang/Object; @ 39 c2
Event: 8.812 Thread 0x000002f7ff08afd0 DEOPT PACKING pc=0x000002f78f4034c8 sp=0x000000fdf27fe020
Event: 8.812 Thread 0x000002f7ff08afd0 DEOPT UNPACKING pc=0x000002f78ed523a3 sp=0x000000fdf27fdfb8 mode 2
Event: 8.857 Thread 0x000002f7ff08afd0 Uncommon trap: trap_request=0xfffffff4 fr.pc=0x000002f78f3aa5c0 relative=0x0000000000000220
Event: 8.857 Thread 0x000002f7ff08afd0 Uncommon trap: reason=null_check action=make_not_entrant pc=0x000002f78f3aa5c0 method=org.springframework.util.ClassUtils.isAssignable(Ljava/lang/Class;Ljava/lang/Class;)Z @ 14 c2
Event: 8.857 Thread 0x000002f7ff08afd0 DEOPT PACKING pc=0x000002f78f3aa5c0 sp=0x000000fdf27fe4a0
Event: 8.857 Thread 0x000002f7ff08afd0 DEOPT UNPACKING pc=0x000002f78ed523a3 sp=0x000000fdf27fe430 mode 2
Event: 8.930 Thread 0x000002f7ff08afd0 Uncommon trap: trap_request=0xffffff45 fr.pc=0x000002f78f3085e0 relative=0x0000000000000060
Event: 8.931 Thread 0x000002f7ff08afd0 Uncommon trap: reason=unstable_if action=reinterpret pc=0x000002f78f3085e0 method=org.springframework.util.ConcurrentReferenceHashMap$Segment.clear()V @ 7 c2
Event: 8.931 Thread 0x000002f7ff08afd0 DEOPT PACKING pc=0x000002f78f3085e0 sp=0x000000fdf27fee10
Event: 8.931 Thread 0x000002f7ff08afd0 DEOPT UNPACKING pc=0x000002f78ed523a3 sp=0x000000fdf27feda0 mode 2
Event: 35.782 Thread 0x000002f7e1d769f0 Uncommon trap: trap_request=0xffffff54 fr.pc=0x000002f78f3fc788 relative=0x0000000000004ec8
Event: 35.782 Thread 0x000002f7e1d769f0 Uncommon trap: reason=speculate_null_assert action=make_not_entrant pc=0x000002f78f3fc788 method=java.lang.invoke.MethodType$ConcurrentWeakInternSet.add(Ljava/lang/Object;)Ljava/lang/Object; @ 47 c2
Event: 35.782 Thread 0x000002f7e1d769f0 DEOPT PACKING pc=0x000002f78f3fc788 sp=0x000000fdf46fe660
Event: 35.782 Thread 0x000002f7e1d769f0 DEOPT UNPACKING pc=0x000002f78ed523a3 sp=0x000000fdf46fe5f8 mode 2

Classes unloaded (0 events):
No events

Classes redefined (0 events):
No events

Internal exceptions (20 events):
Event: 7.839 Thread 0x000002f7ff08afd0 Exception <a 'java/lang/NoSuchMethodError'{0x00000000cd1f0540}: 'void java.lang.invoke.DirectMethodHandle$Holder.invokeInterface(java.lang.Object, java.lang.Object)'> (0x00000000cd1f0540) 
thrown [s\open\src\hotspot\share\interpreter\linkResolver.cpp, line 759]
Event: 8.020 Thread 0x000002f7ff08afd0 Exception <a 'java/lang/IncompatibleClassChangeError'{0x00000000cc93a420}: Found class java.lang.Object, but interface was expected> (0x00000000cc93a420) 
thrown [s\open\src\hotspot\share\interpreter\linkResolver.cpp, line 826]
Event: 8.032 Thread 0x000002f7ff08afd0 Exception <a 'java/lang/IncompatibleClassChangeError'{0x00000000cc9b2d38}: Found class java.lang.Object, but interface was expected> (0x00000000cc9b2d38) 
thrown [s\open\src\hotspot\share\interpreter\linkResolver.cpp, line 826]
Event: 8.068 Thread 0x000002f7ff08afd0 Exception <a 'java/lang/IncompatibleClassChangeError'{0x00000000cc7130b8}: Found class java.lang.Object, but interface was expected> (0x00000000cc7130b8) 
thrown [s\open\src\hotspot\share\interpreter\linkResolver.cpp, line 826]
Event: 8.226 Thread 0x000002f7ff08afd0 Exception <a 'java/lang/IncompatibleClassChangeError'{0x00000000cc18acf0}: Found class java.lang.Object, but interface was expected> (0x00000000cc18acf0) 
thrown [s\open\src\hotspot\share\interpreter\linkResolver.cpp, line 826]
Event: 8.281 Thread 0x000002f7ff08afd0 Exception <a 'java/lang/reflect/InvocationTargetException'{0x00000000cbfd55d0}> (0x00000000cbfd55d0) 
thrown [s\open\src\hotspot\share\runtime\reflection.cpp, line 1121]
Event: 8.292 Thread 0x000002f7ff08afd0 Exception <a 'java/lang/NoSuchMethodError'{0x00000000cbe38638}: 'int java.lang.invoke.DirectMethodHandle$Holder.invokeStatic(java.lang.Object, java.lang.Object, int)'> (0x00000000cbe38638) 
thrown [s\open\src\hotspot\share\interpreter\linkResolver.cpp, line 759]
Event: 8.301 Thread 0x000002f7ff08afd0 Exception <a 'java/lang/IncompatibleClassChangeError'{0x00000000cbe7d7e0}: Found class java.lang.Object, but interface was expected> (0x00000000cbe7d7e0) 
thrown [s\open\src\hotspot\share\interpreter\linkResolver.cpp, line 826]
Event: 8.350 Thread 0x000002f7ff08afd0 Exception <a 'java/lang/NoSuchMethodError'{0x00000000cbc223d0}: 'java.lang.Object java.lang.invoke.DirectMethodHandle$Holder.invokeStatic(java.lang.Object, int, java.lang.Object)'> (0x00000000cbc223d0) 
thrown [s\open\src\hotspot\share\interpreter\linkResolver.cpp, line 759]
Event: 8.356 Thread 0x000002f7ff08afd0 Exception <a 'java/lang/reflect/InvocationTargetException'{0x00000000cbc56320}> (0x00000000cbc56320) 
thrown [s\open\src\hotspot\share\runtime\reflection.cpp, line 1121]
Event: 8.358 Thread 0x000002f7ff08afd0 Exception <a 'java/lang/reflect/InvocationTargetException'{0x00000000cbc62370}> (0x00000000cbc62370) 
thrown [s\open\src\hotspot\share\runtime\reflection.cpp, line 1121]
Event: 8.598 Thread 0x000002f7ff08afd0 Exception <a 'sun/nio/fs/WindowsException'{0x00000000ce5d0940}> (0x00000000ce5d0940) 
thrown [s\open\src\hotspot\share\prims\jni.cpp, line 516]
Event: 8.671 Thread 0x000002f7ff08afd0 Exception <a 'java/lang/IncompatibleClassChangeError'{0x00000000cd259a28}: Found class java.lang.Object, but interface was expected> (0x00000000cd259a28) 
thrown [s\open\src\hotspot\share\interpreter\linkResolver.cpp, line 826]
Event: 8.716 Thread 0x000002f7ff08afd0 Exception <a 'java/lang/NoSuchMethodError'{0x00000000cd1fec80}: 'void java.lang.invoke.DirectMethodHandle$Holder.invokeVirtual(java.lang.Object, java.lang.Object, long)'> (0x00000000cd1fec80) 
thrown [s\open\src\hotspot\share\interpreter\linkResolver.cpp, line 759]
Event: 8.843 Thread 0x000002f7ff08afd0 Exception <a 'java/lang/IncompatibleClassChangeError'{0x00000000ccc06868}: Found class java.lang.Object, but interface was expected> (0x00000000ccc06868) 
thrown [s\open\src\hotspot\share\interpreter\linkResolver.cpp, line 826]
Event: 8.857 Thread 0x000002f7ff08afd0 Implicit null exception at 0x000002f78f3aa3ba to 0x000002f78f3aa5ac
Event: 8.933 Thread 0x000002f7ff08afd0 Exception <a 'java/lang/NoSuchMethodError'{0x00000000cc810390}: 'java.lang.Object java.lang.invoke.DirectMethodHandle$Holder.newInvokeSpecial(java.lang.Object, java.lang.Object, int, java.lang.Object, java.lang.Object)'> (0x00000000cc810390) 
thrown [s\open\src\hotspot\share\interpreter\linkResolver.cpp, line 759]
Event: 8.935 Thread 0x000002f7ff08afd0 Exception <a 'java/lang/NoSuchMethodError'{0x00000000cc81ba08}: 'java.lang.Object java.lang.invoke.DirectMethodHandle$Holder.invokeSpecial(java.lang.Object, java.lang.Object, int, java.lang.Object, int, java.lang.Object)'> (0x00000000cc81ba08) 
thrown [s\open\src\hotspot\share\interpreter\linkResolver.cpp, line 759]
Event: 8.935 Thread 0x000002f7ff08afd0 Exception <a 'java/lang/NoSuchMethodError'{0x00000000cc823810}: 'java.lang.Object java.lang.invoke.DirectMethodHandle$Holder.newInvokeSpecial(java.lang.Object, java.lang.Object, int, java.lang.Object, int)'> (0x00000000cc823810) 
thrown [s\open\src\hotspot\share\interpreter\linkResolver.cpp, line 759]
Event: 8.935 Thread 0x000002f7ff08afd0 Exception <a 'java/lang/NoSuchMethodError'{0x00000000cc827910}: 'java.lang.Object java.lang.invoke.DirectMethodHandle$Holder.invokeSpecial(java.lang.Object, java.lang.Object, java.lang.Object, int, java.lang.Object, int)'> (0x00000000cc827910) 
thrown [s\open\src\hotspot\share\interpreter\linkResolver.cpp, line 759]

VM Operations (20 events):
Event: 8.241 Executing VM operation: HandshakeAllThreads
Event: 8.241 Executing VM operation: HandshakeAllThreads done
Event: 8.241 Executing VM operation: HandshakeAllThreads
Event: 8.241 Executing VM operation: HandshakeAllThreads done
Event: 8.479 Executing VM operation: HandshakeAllThreads
Event: 8.479 Executing VM operation: HandshakeAllThreads done
Event: 8.494 Executing VM operation: HandshakeAllThreads
Event: 8.494 Executing VM operation: HandshakeAllThreads done
Event: 8.530 Executing VM operation: HandshakeAllThreads
Event: 8.530 Executing VM operation: HandshakeAllThreads done
Event: 8.548 Executing VM operation: G1CollectForAllocation
Event: 8.554 Executing VM operation: G1CollectForAllocation done
Event: 8.611 Executing VM operation: G1Concurrent
Event: 8.614 Executing VM operation: G1Concurrent done
Event: 8.631 Executing VM operation: G1Concurrent
Event: 8.632 Executing VM operation: G1Concurrent done
Event: 8.744 Executing VM operation: HandshakeAllThreads
Event: 8.744 Executing VM operation: HandshakeAllThreads done
Event: 9.754 Executing VM operation: Cleanup
Event: 9.754 Executing VM operation: Cleanup done

Events (20 events):
Event: 35.742 loading class java/util/concurrent/BlockingDeque done
Event: 35.743 loading class java/util/concurrent/LinkedBlockingDeque done
Event: 35.743 loading class java/util/concurrent/Semaphore
Event: 35.748 loading class java/util/concurrent/Semaphore done
Event: 35.748 loading class java/util/concurrent/Semaphore$NonfairSync
Event: 35.748 loading class java/util/concurrent/Semaphore$Sync
Event: 35.748 loading class java/util/concurrent/Semaphore$Sync done
Event: 35.749 loading class java/util/concurrent/Semaphore$NonfairSync done
Event: 35.749 loading class sun/nio/ch/SocketAdaptor
Event: 35.758 loading class sun/nio/ch/SocketAdaptor done
Event: 35.759 loading class sun/nio/ch/SocketChannelImpl$DefaultOptionsHolder
Event: 35.760 loading class sun/nio/ch/SocketChannelImpl$DefaultOptionsHolder done
Event: 35.761 loading class sun/nio/ch/SelectionKeyImpl
Event: 35.767 loading class java/nio/channels/spi/AbstractSelectionKey
Event: 35.772 loading class java/nio/channels/SelectionKey
Event: 35.773 loading class java/nio/channels/SelectionKey done
Event: 35.773 loading class java/nio/channels/spi/AbstractSelectionKey done
Event: 35.773 loading class sun/nio/ch/SelectionKeyImpl done
Event: 35.773 loading class java/lang/invoke/ConstantBootstraps
Event: 35.774 loading class java/lang/invoke/ConstantBootstraps done


Dynamic libraries:
0x00007ff65d180000 - 0x00007ff65d190000 	C:\Program Files\Java\jdk-17\bin\java.exe
0x00007ffe62a90000 - 0x00007ffe62ca7000 	C:\WINDOWS\SYSTEM32\ntdll.dll
0x00007ffe61d10000 - 0x00007ffe61dd4000 	C:\WINDOWS\System32\KERNEL32.DLL
0x00007ffe5fe50000 - 0x00007ffe601f7000 	C:\WINDOWS\System32\KERNELBASE.dll
0x00007ffe60280000 - 0x00007ffe60391000 	C:\WINDOWS\System32\ucrtbase.dll
0x00007ffe425a0000 - 0x00007ffe425bb000 	C:\Program Files\Java\jdk-17\bin\VCRUNTIME140.dll
0x00007ffe4d810000 - 0x00007ffe4d829000 	C:\Program Files\Java\jdk-17\bin\jli.dll
0x00007ffe60e40000 - 0x00007ffe60ef2000 	C:\WINDOWS\System32\ADVAPI32.dll
0x00007ffe623b0000 - 0x00007ffe62457000 	C:\WINDOWS\System32\msvcrt.dll
0x00007ffe61790000 - 0x00007ffe61838000 	C:\WINDOWS\System32\sechost.dll
0x00007ffe60790000 - 0x00007ffe607b8000 	C:\WINDOWS\System32\bcrypt.dll
0x00007ffe61de0000 - 0x00007ffe61ef5000 	C:\WINDOWS\System32\RPCRT4.dll
0x00007ffe60c90000 - 0x00007ffe60e3e000 	C:\WINDOWS\System32\USER32.dll
0x00007ffe5fdb0000 - 0x00007ffe5fdd6000 	C:\WINDOWS\System32\win32u.dll
0x00007ffe622a0000 - 0x00007ffe622c9000 	C:\WINDOWS\System32\GDI32.dll
0x00007ffe60510000 - 0x00007ffe60629000 	C:\WINDOWS\System32\gdi32full.dll
0x00007ffe60630000 - 0x00007ffe606ca000 	C:\WINDOWS\System32\msvcp_win.dll
0x00007ffe581f0000 - 0x00007ffe581fa000 	C:\WINDOWS\SYSTEM32\VERSION.dll
0x00007ffe4f220000 - 0x00007ffe4f4b3000 	C:\WINDOWS\WinSxS\amd64_microsoft.windows.common-controls_6595b64144ccf1df_6.0.22621.3527_none_270e469b73872a76\COMCTL32.dll
0x00007ffe61840000 - 0x00007ffe61871000 	C:\WINDOWS\System32\IMM32.DLL
0x00007ffe5c9d0000 - 0x00007ffe5c9dc000 	C:\Program Files\Java\jdk-17\bin\vcruntime140_1.dll
0x00007ffe3dd70000 - 0x00007ffe3ddfe000 	C:\Program Files\Java\jdk-17\bin\msvcp140.dll
0x00007ffe2d630000 - 0x00007ffe2e211000 	C:\Program Files\Java\jdk-17\bin\server\jvm.dll
0x00007ffe61880000 - 0x00007ffe61888000 	C:\WINDOWS\System32\PSAPI.DLL
0x00007ffe58430000 - 0x00007ffe58464000 	C:\WINDOWS\SYSTEM32\WINMM.dll
0x00007ffe4a5e0000 - 0x00007ffe4a5e9000 	C:\WINDOWS\SYSTEM32\WSOCK32.dll
0x00007ffe607c0000 - 0x00007ffe60831000 	C:\WINDOWS\System32\ws2_32.DLL
0x00007ffe5edd0000 - 0x00007ffe5ede8000 	C:\WINDOWS\SYSTEM32\kernel.appcore.dll
0x00007ffe5a230000 - 0x00007ffe5a23a000 	C:\Program Files\Java\jdk-17\bin\jimage.dll
0x00007ffe5d800000 - 0x00007ffe5da32000 	C:\WINDOWS\SYSTEM32\DBGHELP.DLL
0x00007ffe62460000 - 0x00007ffe627e8000 	C:\WINDOWS\System32\combase.dll
0x00007ffe622d0000 - 0x00007ffe623a7000 	C:\WINDOWS\System32\OLEAUT32.dll
0x00007ffe4c580000 - 0x00007ffe4c5b2000 	C:\WINDOWS\SYSTEM32\dbgcore.DLL
0x00007ffe60200000 - 0x00007ffe60279000 	C:\WINDOWS\System32\bcryptPrimitives.dll
0x00007ffe4d800000 - 0x00007ffe4d80e000 	C:\Program Files\Java\jdk-17\bin\instrument.dll
0x00007ffe3eb10000 - 0x00007ffe3eb35000 	C:\Program Files\Java\jdk-17\bin\java.dll
0x00007ffe2f130000 - 0x00007ffe2f207000 	C:\Program Files\Java\jdk-17\bin\jsvml.dll
0x00007ffe60f10000 - 0x00007ffe6176c000 	C:\WINDOWS\System32\SHELL32.dll
0x00007ffe5dcf0000 - 0x00007ffe5e5e6000 	C:\WINDOWS\SYSTEM32\windows.storage.dll
0x00007ffe5dbb0000 - 0x00007ffe5dcee000 	C:\WINDOWS\SYSTEM32\wintypes.dll
0x00007ffe60b00000 - 0x00007ffe60bf5000 	C:\WINDOWS\System32\SHCORE.dll
0x00007ffe62190000 - 0x00007ffe621ee000 	C:\WINDOWS\System32\shlwapi.dll
0x00007ffe5fce0000 - 0x00007ffe5fd01000 	C:\WINDOWS\SYSTEM32\profapi.dll
0x00007ffe3ea50000 - 0x00007ffe3ea68000 	C:\Program Files\Java\jdk-17\bin\zip.dll
0x00007ffe42580000 - 0x00007ffe42599000 	C:\Program Files\Java\jdk-17\bin\net.dll
0x00007ffe590e0000 - 0x00007ffe59216000 	C:\WINDOWS\SYSTEM32\WINHTTP.dll
0x00007ffe5f240000 - 0x00007ffe5f2a9000 	C:\WINDOWS\system32\mswsock.dll
0x00007ffe3eaf0000 - 0x00007ffe3eb06000 	C:\Program Files\Java\jdk-17\bin\nio.dll
0x00007ffe3e470000 - 0x00007ffe3e48a000 	C:\Program Files\JetBrains\IntelliJ IDEA Community Edition 2024.1.1\bin\breakgen64.dll
0x00007ffe3eb50000 - 0x00007ffe3eb5e000 	C:\Program Files\Java\jdk-17\bin\sunmscapi.dll
0x00007ffe603a0000 - 0x00007ffe60508000 	C:\WINDOWS\System32\CRYPT32.dll
0x00007ffe5f660000 - 0x00007ffe5f68e000 	C:\WINDOWS\SYSTEM32\ncrypt.dll
0x00007ffe5f620000 - 0x00007ffe5f657000 	C:\WINDOWS\SYSTEM32\NTASN1.dll
0x00007ffe5f4a0000 - 0x00007ffe5f4bb000 	C:\WINDOWS\SYSTEM32\CRYPTSP.dll
0x00007ffe5ed30000 - 0x00007ffe5ed65000 	C:\WINDOWS\system32\rsaenh.dll
0x00007ffe5f340000 - 0x00007ffe5f368000 	C:\WINDOWS\SYSTEM32\USERENV.dll
0x00007ffe5f4c0000 - 0x00007ffe5f4cc000 	C:\WINDOWS\SYSTEM32\CRYPTBASE.dll
0x00007ffe5e890000 - 0x00007ffe5e8bd000 	C:\WINDOWS\SYSTEM32\IPHLPAPI.DLL
0x00007ffe61770000 - 0x00007ffe61779000 	C:\WINDOWS\System32\NSI.dll
0x00007ffe59a50000 - 0x00007ffe59a69000 	C:\WINDOWS\SYSTEM32\dhcpcsvc6.DLL
0x00007ffe58f80000 - 0x00007ffe58f9f000 	C:\WINDOWS\SYSTEM32\dhcpcsvc.DLL
0x00007ffe5e8c0000 - 0x00007ffe5e9b8000 	C:\WINDOWS\SYSTEM32\DNSAPI.dll
0x00007ffe401e0000 - 0x00007ffe401ea000 	C:\Program Files\Java\jdk-17\bin\management.dll
0x00007ffe3fe20000 - 0x00007ffe3fe2b000 	C:\Program Files\Java\jdk-17\bin\management_ext.dll
0x00007ffe3eae0000 - 0x00007ffe3eaf0000 	C:\Program Files\Java\jdk-17\bin\verify.dll
0x00007ffe4f1c0000 - 0x00007ffe4f1ca000 	C:\Windows\System32\rasadhlp.dll
0x00007ffe56520000 - 0x00007ffe565a3000 	C:\WINDOWS\System32\fwpuclnt.dll
0x00007ffe3f290000 - 0x00007ffe3f298000 	C:\WINDOWS\system32\wshunix.dll

dbghelp: loaded successfully - version: 4.0.5 - missing functions: none
symbol engine: initialized successfully - sym options: 0x614 - pdb path: .;C:\Program Files\Java\jdk-17\bin;C:\WINDOWS\SYSTEM32;C:\WINDOWS\WinSxS\amd64_microsoft.windows.common-controls_6595b64144ccf1df_6.0.22621.3527_none_270e469b73872a76;C:\Program Files\Java\jdk-17\bin\server;C:\Program Files\JetBrains\IntelliJ IDEA Community Edition 2024.1.1\bin

VM Arguments:
jvm_args: -javaagent:C:\Program Files\JetBrains\IntelliJ IDEA Community Edition 2024.1.1\lib\idea_rt.jar=54155:C:\Program Files\JetBrains\IntelliJ IDEA Community Edition 2024.1.1\bin -Dfile.encoding=UTF-8 
java_command: com.jardinazuayo.APIJardinAzuayo.ApiJardinAzuayoApplication
java_class_path (initial): C:\Users\REY\Desktop\APIJardinAzuayo\target\classes;C:\Users\REY\.m2\repository\org\springframework\boot\spring-boot-starter-data-jpa\3.2.6\spring-boot-starter-data-jpa-3.2.6.jar;C:\Users\REY\.m2\repository\org\springframework\boot\spring-boot-starter-aop\3.2.6\spring-boot-starter-aop-3.2.6.jar;C:\Users\REY\.m2\repository\org\springframework\spring-aop\6.1.8\spring-aop-6.1.8.jar;C:\Users\REY\.m2\repository\org\aspectj\aspectjweaver\1.9.22\aspectjweaver-1.9.22.jar;C:\Users\REY\.m2\repository\org\springframework\boot\spring-boot-starter-jdbc\3.2.6\spring-boot-starter-jdbc-3.2.6.jar;C:\Users\REY\.m2\repository\com\zaxxer\HikariCP\5.0.1\HikariCP-5.0.1.jar;C:\Users\REY\.m2\repository\org\springframework\spring-jdbc\6.1.8\spring-jdbc-6.1.8.jar;C:\Users\REY\.m2\repository\org\hibernate\orm\hibernate-core\6.4.8.Final\hibernate-core-6.4.8.Final.jar;C:\Users\REY\.m2\repository\jakarta\persistence\jakarta.persistence-api\3.1.0\jakarta.persistence-api-3.1.0.jar;C:\Users\REY\.m2\repository\jakarta\transaction\jakarta.transaction-api\2.0.1\jakarta.transaction-api-2.0.1.jar;C:\Users\REY\.m2\repository\org\jboss\logging\jboss-logging\3.5.3.Final\jboss-logging-3.5.3.Final.jar;C:\Users\REY\.m2\repository\org\hibernate\common\hibernate-commons-annotations\6.0.6.Final\hibernate-commons-annotations-6.0.6.Final.jar;C:\Users\REY\.m2\repository\io\smallrye\jandex\3.1.2\jandex-3.1.2.jar;C:\Users\REY\.m2\repository\com\fasterxml\classmate\1.6.0\classmate-1.6.0.jar;C:\Users\REY\.m2\repository\net\bytebuddy\byte-buddy\1.14.16\byte-buddy-1.14.16.jar;C:\Users\REY\.m2\repository\org\glassfish\jaxb\jaxb-runtime\4.0.5\jaxb-runtime-4.0.5.jar;C:\Users\REY\.m2\repository\org\glassfish\jaxb\jaxb-core\4.0.5\jaxb-core-4.0.5.jar;C:\Users\REY\.m2\repository\org\eclipse\angus\angus-activation\2.0.2\angus-activation-2.0.2.jar;C:\Users\REY\.m2\repository\org\glassfish\jaxb\txw2\4.0.5\txw2-4.0.5.jar;C:\Users\REY\.m2\repository\com\sun\istack\istack-commons-runtime\4.1.2\istack-comm
Launcher Type: SUN_STANDARD

[Global flags]
     intx CICompilerCount                          = 3                                         {product} {ergonomic}
     uint ConcGCThreads                            = 1                                         {product} {ergonomic}
     uint G1ConcRefinementThreads                  = 4                                         {product} {ergonomic}
   size_t G1HeapRegionSize                         = 1048576                                   {product} {ergonomic}
    uintx GCDrainStackTargetSize                   = 64                                        {product} {ergonomic}
   size_t InitialHeapSize                          = 58720256                                  {product} {ergonomic}
   size_t MarkStackSize                            = 4194304                                   {product} {ergonomic}
   size_t MaxHeapSize                              = 920649728                                 {product} {ergonomic}
   size_t MaxNewSize                               = 551550976                                 {product} {ergonomic}
   size_t MinHeapDeltaBytes                        = 1048576                                   {product} {ergonomic}
   size_t MinHeapSize                              = 8388608                                   {product} {ergonomic}
    uintx NonNMethodCodeHeapSize                   = 5832780                                {pd product} {ergonomic}
    uintx NonProfiledCodeHeapSize                  = 122912730                              {pd product} {ergonomic}
    uintx ProfiledCodeHeapSize                     = 122912730                              {pd product} {ergonomic}
    uintx ReservedCodeCacheSize                    = 251658240                              {pd product} {ergonomic}
     bool SegmentedCodeCache                       = true                                      {product} {ergonomic}
   size_t SoftMaxHeapSize                          = 920649728                              {manageable} {ergonomic}
     bool UseCompressedClassPointers               = true                           {product lp64_product} {ergonomic}
     bool UseCompressedOops                        = true                           {product lp64_product} {ergonomic}
     bool UseG1GC                                  = true                                      {product} {ergonomic}
     bool UseLargePagesIndividualAllocation        = false                                  {pd product} {ergonomic}

Logging:
Log output configuration:
 #0: stdout all=warning uptime,level,tags
 #1: stderr all=off uptime,level,tags

Environment Variables:
PATH=C:\Program Files\Common Files\Oracle\Java\javapath;C:\Program Files (x86)\Common Files\Oracle\Java\java8path;C:\Program Files (x86)\Common Files\Oracle\Java\javapath;%JAVA_HOME%\bin;C:\WINDOWS\system32;C:\WINDOWS;C:\WINDOWS\System32\Wbem;C:\WINDOWS\System32\WindowsPowerShell\v1.0\;C:\WINDOWS\System32\OpenSSH\;C:\xampp\php;C:\composer;C:\Program Files\nodejs\;C:\Program Files\Git\cmd;C:\Users\REY\anaconda3;C:\Users\REY\anaconda3\Library\mingw-w64\bin;C:\Users\REY\anaconda3\Library\usr\bin;C:\Users\REY\anaconda3\Library\bin;C:\Users\REY\anaconda3\Scripts;C:\Users\REY\AppData\Local\Microsoft\WindowsApps;C:\Users\REY\AppData\Local\Programs\Microsoft VS Code\bin;C:\Users\REY\AppData\Roaming\Composer\vendor\bin;C:\Users\REY\AppData\Roaming\npm;C:\Users\REY\AppData\Local\Programs\EmEditor;C:\Program Files\MongoDB\Server\7.0\bin;C:\Program Files\JetBrains\IntelliJ IDEA Community Edition 2024.1.1\bin;;C:\Users\REY\AppData\Local\GitHubDesktop\bin
USERNAME=Programador
OS=Windows_NT
PROCESSOR_IDENTIFIER=AMD64 Family 23 Model 24 Stepping 1, AuthenticAMD



---------------  S Y S T E M  ---------------

OS:
 Windows 11 , 64 bit Build 22621 (10.0.22621.3527)
OS uptime: 0 days 6:52 hours

CPU: total 4 (initial active 4) (4 cores per cpu, 2 threads per core) family 23 model 24 stepping 1 microcode 0x0, cx8, cmov, fxsr, ht, mmx, 3dnowpref, sse, sse2, sse3, ssse3, sse4a, sse4.1, sse4.2, popcnt, lzcnt, tsc, tscinvbit, avx, avx2, aes, clmul, bmi1, bmi2, adx, sha, fma, vzeroupper, clflush, clflushopt

Memory: 4k page, system-wide physical 3511M (73M free)
TotalPageFile size 14263M (AvailPageFile size 0M)
current process WorkingSet (physical memory assigned to process): 64M, peak: 240M
current process commit charge ("private bytes"): 245M, peak: 270M

vm_info: Java HotSpot(TM) 64-Bit Server VM (17.0.9+11-LTS-201) for windows-amd64 JRE (17.0.9+11-LTS-201), built on Oct 10 2023 23:16:06 by "mach5one" with MS VC++ 17.1 (VS2022)

END.
